<?xml version="1.0" encoding="UTF-8"?>
<testsuite xmlns:xsi="http://www.w3.org/2001/XMLSchema-instance" xsi:noNamespaceSchemaLocation="https://maven.apache.org/surefire/maven-surefire-plugin/xsd/surefire-test-report-3.0.xsd" version="3.0" name="com.stalin.demo.RepositoryDetailsControllerTest" time="0.537" tests="1" errors="0" skipped="0" failures="0">
  <properties>
[...]
</properties>
  <testcase name="getProductsList" classname="com.stalin.demo.RepositoryDetailsControllerTest" time="0.118">
    <system-out><![CDATA[2025-07-06 15:52:55.026  INFO 43080 --- [           main] .b.t.c.SpringBootTestContextBootstrapper : Neither @ContextConfiguration nor @ContextHierarchy found for test class [com.stalin.demo.RepositoryDetailsControllerTest], using SpringBootContextLoader
2025-07-06 15:52:55.027  INFO 43080 --- [           main] o.s.t.c.support.AbstractContextLoader    : Could not detect default resource locations for test class [com.stalin.demo.RepositoryDetailsControllerTest]: no resource found for suffixes {-context.xml, Context.groovy}.
2025-07-06 15:52:55.027  INFO 43080 --- [           main] t.c.s.AnnotationConfigContextLoaderUtils : Could not detect default configuration classes for test class [com.stalin.demo.RepositoryDetailsControllerTest]: RepositoryDetailsControllerTest does not declare any static, non-private, non-final, nested classes annotated with @Configuration.
2025-07-06 15:52:55.028  INFO 43080 --- [           main] .b.t.c.SpringBootTestContextBootstrapper : Found @SpringBootConfiguration com.stalin.demo.DemoWorkshopApplication for test class com.stalin.demo.RepositoryDetailsControllerTest
2025-07-06 15:52:55.030  INFO 43080 --- [           main] .b.t.c.SpringBootTestContextBootstrapper : Loaded default TestExecutionListener class names from location [META-INF/spring.factories]: [org.springframework.boot.test.mock.mockito.MockitoTestExecutionListener, org.springframework.boot.test.mock.mockito.ResetMocksTestExecutionListener, org.springframework.boot.test.autoconfigure.restdocs.RestDocsTestExecutionListener, org.springframework.boot.test.autoconfigure.web.client.MockRestServiceServerResetTestExecutionListener, org.springframework.boot.test.autoconfigure.web.servlet.MockMvcPrintOnlyOnFailureTestExecutionListener, org.springframework.boot.test.autoconfigure.web.servlet.WebDriverTestExecutionListener, org.springframework.test.context.web.ServletTestExecutionListener, org.springframework.test.context.support.DirtiesContextBeforeModesTestExecutionListener, org.springframework.test.context.support.DependencyInjectionTestExecutionListener, org.springframework.test.context.support.DirtiesContextTestExecutionListener, org.springframework.test.context.transaction.TransactionalTestExecutionListener, org.springframework.test.context.jdbc.SqlScriptsTestExecutionListener, org.springframework.test.context.event.EventPublishingTestExecutionListener]
2025-07-06 15:52:55.031  INFO 43080 --- [           main] .b.t.c.SpringBootTestContextBootstrapper : Using TestExecutionListeners: [org.springframework.test.context.web.ServletTestExecutionListener@55fc6954, org.springframework.test.context.support.DirtiesContextBeforeModesTestExecutionListener@74e6fdef, org.springframework.boot.test.mock.mockito.MockitoTestExecutionListener@679b73ab, org.springframework.boot.test.autoconfigure.SpringBootDependencyInjectionTestExecutionListener@3657201c, org.springframework.test.context.support.DirtiesContextTestExecutionListener@57594b, org.springframework.test.context.event.EventPublishingTestExecutionListener@431dc52b, org.springframework.boot.test.mock.mockito.ResetMocksTestExecutionListener@7fa7f0c8, org.springframework.boot.test.autoconfigure.restdocs.RestDocsTestExecutionListener@707f68e0, org.springframework.boot.test.autoconfigure.web.client.MockRestServiceServerResetTestExecutionListener@4ad8eaa5, org.springframework.boot.test.autoconfigure.web.servlet.MockMvcPrintOnlyOnFailureTestExecutionListener@67c15a48, org.springframework.boot.test.autoconfigure.web.servlet.WebDriverTestExecutionListener@27a0d7c8]

  .   ____          _            __ _ _
 /\\ / ___'_ __ _ _(_)_ __  __ _ \ \ \ \
( ( )\___ | '_ | '_| | '_ \/ _` | \ \ \ \
 \\/  ___)| |_)| | | | | || (_| |  ) ) ) )
  '  |____| .__|_| |_|_| |_\__, | / / / /
 =========|_|==============|___/=/_/_/_/
 :: Spring Boot ::        (v2.2.0.RELEASE)

2025-07-06 15:52:55.054  INFO 43080 --- [           main] c.s.d.RepositoryDetailsControllerTest    : Starting RepositoryDetailsControllerTest on VyLe with PID 43080 (started by thaov in D:\coding-project\devops_tweet_trend\tweet-trend-new)
2025-07-06 15:52:55.055  INFO 43080 --- [           main] c.s.d.RepositoryDetailsControllerTest    : No active profile set, falling back to default profiles: default
2025-07-06 15:52:55.333  INFO 43080 --- [           main] o.s.s.concurrent.ThreadPoolTaskExecutor  : Initializing ExecutorService 'applicationTaskExecutor'
2025-07-06 15:52:55.439  INFO 43080 --- [           main] c.s.d.RepositoryDetailsControllerTest    : Started RepositoryDetailsControllerTest in 0.406 seconds (JVM running for 2.958)
2025-07-06 15:52:55.451  INFO 43080 --- [           main] o.s.b.t.m.w.SpringBootMockServletContext : Initializing Spring TestDispatcherServlet ''
2025-07-06 15:52:55.452  INFO 43080 --- [           main] o.s.t.web.servlet.TestDispatcherServlet  : Initializing Servlet ''
2025-07-06 15:52:55.461  INFO 43080 --- [           main] o.s.t.web.servlet.TestDispatcherServlet  : Completed initialization in 9 ms
consumerKey null consumerSecret null accessToken null accessTokenSecret null
Twitter Factory twitter4j.TwitterFactory@e63a61d
Code testing purpose 
Twitter object TwitterImpl{INCLUDE_MY_RETWEET=PostParameter{name='include_my_retweet', value='true', file=null, fileBody=null}}
Exception Authentication credentials are missing. See http://twitter4j.org/en/configuration.html for details
]]></system-out>
  </testcase>
</testsuite>