<?xml version="1.0" encoding="UTF-8"?>
<testsuite xmlns:xsi="http://www.w3.org/2001/XMLSchema-instance" xsi:noNamespaceSchemaLocation="https://maven.apache.org/surefire/maven-surefire-plugin/xsd/surefire-test-report-3.0.xsd" version="3.0" name="com.stalin.demo.DemoWorkshopApplicationTests" time="1.901" tests="1" errors="0" skipped="0" failures="0">
  <properties>
[...]
</properties>
  <testcase name="contextLoads" classname="com.stalin.demo.DemoWorkshopApplicationTests" time="0.127">
    <system-out><![CDATA[15:52:53.208 [main] DEBUG org.springframework.test.context.BootstrapUtils - Instantiating CacheAwareContextLoaderDelegate from class [org.springframework.test.context.cache.DefaultCacheAwareContextLoaderDelegate]
15:52:53.239 [main] DEBUG org.springframework.test.context.BootstrapUtils - Instantiating BootstrapContext using constructor [public org.springframework.test.context.support.DefaultBootstrapContext(java.lang.Class,org.springframework.test.context.CacheAwareContextLoaderDelegate)]
15:52:53.278 [main] DEBUG org.springframework.test.context.BootstrapUtils - Instantiating TestContextBootstrapper for test class [com.stalin.demo.DemoWorkshopApplicationTests] from class [org.springframework.boot.test.context.SpringBootTestContextBootstrapper]
15:52:53.303 [main] INFO org.springframework.boot.test.context.SpringBootTestContextBootstrapper - Neither @ContextConfiguration nor @ContextHierarchy found for test class [com.stalin.demo.DemoWorkshopApplicationTests], using SpringBootContextLoader
15:52:53.308 [main] DEBUG org.springframework.test.context.support.AbstractContextLoader - Did not detect default resource location for test class [com.stalin.demo.DemoWorkshopApplicationTests]: class path resource [com/stalin/demo/DemoWorkshopApplicationTests-context.xml] does not exist
15:52:53.308 [main] DEBUG org.springframework.test.context.support.AbstractContextLoader - Did not detect default resource location for test class [com.stalin.demo.DemoWorkshopApplicationTests]: class path resource [com/stalin/demo/DemoWorkshopApplicationTestsContext.groovy] does not exist
15:52:53.308 [main] INFO org.springframework.test.context.support.AbstractContextLoader - Could not detect default resource locations for test class [com.stalin.demo.DemoWorkshopApplicationTests]: no resource found for suffixes {-context.xml, Context.groovy}.
15:52:53.309 [main] INFO org.springframework.test.context.support.AnnotationConfigContextLoaderUtils - Could not detect default configuration classes for test class [com.stalin.demo.DemoWorkshopApplicationTests]: DemoWorkshopApplicationTests does not declare any static, non-private, non-final, nested classes annotated with @Configuration.
15:52:53.352 [main] DEBUG org.springframework.test.context.support.ActiveProfilesUtils - Could not find an 'annotation declaring class' for annotation type [org.springframework.test.context.ActiveProfiles] and class [com.stalin.demo.DemoWorkshopApplicationTests]
15:52:53.427 [main] DEBUG org.springframework.context.annotation.ClassPathScanningCandidateComponentProvider - Identified candidate component class: file [D:\coding-project\devops_tweet_trend\tweet-trend-new\target\classes\com\stalin\demo\DemoWorkshopApplication.class]
15:52:53.428 [main] INFO org.springframework.boot.test.context.SpringBootTestContextBootstrapper - Found @SpringBootConfiguration com.stalin.demo.DemoWorkshopApplication for test class com.stalin.demo.DemoWorkshopApplicationTests
15:52:53.515 [main] DEBUG org.springframework.boot.test.context.SpringBootTestContextBootstrapper - @TestExecutionListeners is not present for class [com.stalin.demo.DemoWorkshopApplicationTests]: using defaults.
15:52:53.515 [main] INFO org.springframework.boot.test.context.SpringBootTestContextBootstrapper - Loaded default TestExecutionListener class names from location [META-INF/spring.factories]: [org.springframework.boot.test.mock.mockito.MockitoTestExecutionListener, org.springframework.boot.test.mock.mockito.ResetMocksTestExecutionListener, org.springframework.boot.test.autoconfigure.restdocs.RestDocsTestExecutionListener, org.springframework.boot.test.autoconfigure.web.client.MockRestServiceServerResetTestExecutionListener, org.springframework.boot.test.autoconfigure.web.servlet.MockMvcPrintOnlyOnFailureTestExecutionListener, org.springframework.boot.test.autoconfigure.web.servlet.WebDriverTestExecutionListener, org.springframework.test.context.web.ServletTestExecutionListener, org.springframework.test.context.support.DirtiesContextBeforeModesTestExecutionListener, org.springframework.test.context.support.DependencyInjectionTestExecutionListener, org.springframework.test.context.support.DirtiesContextTestExecutionListener, org.springframework.test.context.transaction.TransactionalTestExecutionListener, org.springframework.test.context.jdbc.SqlScriptsTestExecutionListener, org.springframework.test.context.event.EventPublishingTestExecutionListener]
15:52:53.525 [main] DEBUG org.springframework.boot.test.context.SpringBootTestContextBootstrapper - Skipping candidate TestExecutionListener [org.springframework.test.context.transaction.TransactionalTestExecutionListener] due to a missing dependency. Specify custom listener classes or make the default listener classes and their required dependencies available. Offending class: [org/springframework/transaction/interceptor/TransactionAttributeSource]
15:52:53.525 [main] DEBUG org.springframework.boot.test.context.SpringBootTestContextBootstrapper - Skipping candidate TestExecutionListener [org.springframework.test.context.jdbc.SqlScriptsTestExecutionListener] due to a missing dependency. Specify custom listener classes or make the default listener classes and their required dependencies available. Offending class: [org/springframework/transaction/interceptor/TransactionAttribute]
15:52:53.525 [main] INFO org.springframework.boot.test.context.SpringBootTestContextBootstrapper - Using TestExecutionListeners: [org.springframework.test.context.web.ServletTestExecutionListener@652b3733, org.springframework.test.context.support.DirtiesContextBeforeModesTestExecutionListener@7b598d05, org.springframework.boot.test.mock.mockito.MockitoTestExecutionListener@6cc8c13c, org.springframework.boot.test.autoconfigure.SpringBootDependencyInjectionTestExecutionListener@371cd2fc, org.springframework.test.context.support.DirtiesContextTestExecutionListener@b32e983, org.springframework.test.context.event.EventPublishingTestExecutionListener@3c346c45, org.springframework.boot.test.mock.mockito.ResetMocksTestExecutionListener@16df9bde, org.springframework.boot.test.autoconfigure.restdocs.RestDocsTestExecutionListener@478530cb, org.springframework.boot.test.autoconfigure.web.client.MockRestServiceServerResetTestExecutionListener@5be7b749, org.springframework.boot.test.autoconfigure.web.servlet.MockMvcPrintOnlyOnFailureTestExecutionListener@44aeae34, org.springframework.boot.test.autoconfigure.web.servlet.WebDriverTestExecutionListener@2ec5cc14]
15:52:53.529 [main] DEBUG org.springframework.test.context.support.AbstractDirtiesContextTestExecutionListener - Before test class: context [DefaultTestContext@55c03e4 testClass = DemoWorkshopApplicationTests, testInstance = [null], testMethod = [null], testException = [null], mergedContextConfiguration = [WebMergedContextConfiguration@14df5253 testClass = DemoWorkshopApplicationTests, locations = '{}', classes = '{class com.stalin.demo.DemoWorkshopApplication}', contextInitializerClasses = '[]', activeProfiles = '{}', propertySourceLocations = '{}', propertySourceProperties = '{org.springframework.boot.test.context.SpringBootTestContextBootstrapper=true}', contextCustomizers = set[org.springframework.boot.test.context.filter.ExcludeFilterContextCustomizer@2f382a5e, org.springframework.boot.test.json.DuplicateJsonObjectContextCustomizerFactory$DuplicateJsonObjectContextCustomizer@56dd6efa, org.springframework.boot.test.mock.mockito.MockitoContextCustomizer@0, org.springframework.boot.test.web.client.TestRestTemplateContextCustomizer@67022ea, org.springframework.boot.test.autoconfigure.properties.PropertyMappingContextCustomizer@0, org.springframework.boot.test.autoconfigure.web.servlet.WebDriverContextCustomizerFactory$Customizer@497d4c96], resourceBasePath = 'src/main/webapp', contextLoader = 'org.springframework.boot.test.context.SpringBootContextLoader', parent = [null]], attributes = map['org.springframework.test.context.web.ServletTestExecutionListener.activateListener' -> true]], class annotated with @DirtiesContext [false] with mode [null].
15:52:53.556 [main] DEBUG org.springframework.test.context.support.TestPropertySourceUtils - Adding inlined properties to environment: {spring.jmx.enabled=false, org.springframework.boot.test.context.SpringBootTestContextBootstrapper=true, server.port=-1}

  .   ____          _            __ _ _
 /\\ / ___'_ __ _ _(_)_ __  __ _ \ \ \ \
( ( )\___ | '_ | '_| | '_ \/ _` | \ \ \ \
 \\/  ___)| |_)| | | | | || (_| |  ) ) ) )
  '  |____| .__|_| |_|_| |_\__, | / / / /
 =========|_|==============|___/=/_/_/_/
 :: Spring Boot ::        (v2.2.0.RELEASE)

2025-07-06 15:52:53.790  INFO 43080 --- [           main] c.s.demo.DemoWorkshopApplicationTests    : Starting DemoWorkshopApplicationTests on VyLe with PID 43080 (started by thaov in D:\coding-project\devops_tweet_trend\tweet-trend-new)
2025-07-06 15:52:53.791  INFO 43080 --- [           main] c.s.demo.DemoWorkshopApplicationTests    : No active profile set, falling back to default profiles: default
2025-07-06 15:52:54.718  INFO 43080 --- [           main] o.s.s.concurrent.ThreadPoolTaskExecutor  : Initializing ExecutorService 'applicationTaskExecutor'
2025-07-06 15:52:54.871  INFO 43080 --- [           main] c.s.demo.DemoWorkshopApplicationTests    : Started DemoWorkshopApplicationTests in 1.306 seconds (JVM running for 2.391)
]]></system-out>
  </testcase>
</testsuite>